This file contains any messages produced by compilers while
running configure, to aid debugging if configure makes a mistake.

It was created by flexchat configure 2.16.2, which was
generated by GNU Autoconf 2.72.  Invocation command line was

  $ ./configure

## --------- ##
## Platform. ##
## --------- ##

hostname = akasa
uname -m = x86_64
uname -r = 6.12.48+deb13-amd64
uname -s = Linux
uname -v = #1 SMP PREEMPT_DYNAMIC Debian 6.12.48-1 (2025-09-20)

/usr/bin/uname -p = unknown
/bin/uname -X     = unknown

/bin/arch              = x86_64
/usr/bin/arch -k       = unknown
/usr/convex/getsysinfo = unknown
/usr/bin/hostinfo      = unknown
/bin/machine           = unknown
/usr/bin/oslevel       = unknown
/bin/universe          = unknown

PATH: /home/gatekeeper/.npm-global/bin/
PATH: /usr/local/bin/
PATH: /usr/bin/
PATH: /bin/
PATH: /usr/local/games/
PATH: /usr/games/
PATH: /opt/openwatcom/binl64/


## ----------- ##
## Core tests. ##
## ----------- ##

configure:2550: looking for aux files: ar-lib compile missing install-sh
configure:2563:  trying ./
configure:2592:   ./ar-lib found
configure:2592:   ./compile found
configure:2592:   ./missing found
configure:2574:   ./install-sh found
configure:2725: checking for a BSD-compatible install
configure:2799: result: /usr/bin/install -c
configure:2810: checking whether sleep supports fractional seconds
configure:2826: result: yes
configure:2829: checking filesystem timestamp resolution
configure:2964: result: 0.01
configure:2969: checking whether build environment is sane
configure:3010: result: yes
configure:3181: checking for a race-free mkdir -p
configure:3224: result: /usr/bin/mkdir -p
configure:3231: checking for gawk
configure:3252: found /usr/bin/gawk
configure:3264: result: gawk
configure:3275: checking whether make sets $(MAKE)
configure:3299: result: yes
configure:3325: checking whether make supports nested variables
configure:3344: result: yes
configure:3358: checking xargs -n works
configure:3374: result: yes
configure:3459: checking whether UID '1000' is supported by ustar format
configure:3465: result: yes
configure:3472: checking whether GID '1000' is supported by ustar format
configure:3478: result: yes
configure:3486: checking how to create a ustar tar archive
configure:3497: tar --version
tar (GNU tar) 1.35
Copyright (C) 2023 Free Software Foundation, Inc.
License GPLv3+: GNU GPL version 3 or later <https://gnu.org/licenses/gpl.html>.
This is free software: you are free to change and redistribute it.
There is NO WARRANTY, to the extent permitted by law.

Written by John Gilmore and Jay Fenlason.
configure:3500: $? = 0
configure:3540: tardir=conftest.dir && eval tar --format=ustar -chf - "$tardir" >conftest.tar
configure:3543: $? = 0
configure:3547: tar -xf - <conftest.tar
configure:3550: $? = 0
configure:3552: cat conftest.dir/file
GrepMe
configure:3555: $? = 0
configure:3570: result: gnutar
configure:3660: checking for gcc
configure:3681: found /usr/bin/gcc
configure:3693: result: gcc
configure:4052: checking for C compiler version
configure:4061: gcc --version >&5
gcc (Debian 14.2.0-19) 14.2.0
Copyright (C) 2024 Free Software Foundation, Inc.
This is free software; see the source for copying conditions.  There is NO
warranty; not even for MERCHANTABILITY or FITNESS FOR A PARTICULAR PURPOSE.

configure:4072: $? = 0
configure:4061: gcc -v >&5
Using built-in specs.
COLLECT_GCC=gcc
COLLECT_LTO_WRAPPER=/usr/libexec/gcc/x86_64-linux-gnu/14/lto-wrapper
OFFLOAD_TARGET_NAMES=nvptx-none:amdgcn-amdhsa
OFFLOAD_TARGET_DEFAULT=1
Target: x86_64-linux-gnu
Configured with: ../src/configure -v --with-pkgversion='Debian 14.2.0-19' --with-bugurl=file:///usr/share/doc/gcc-14/README.Bugs --enable-languages=c,ada,c++,go,d,fortran,objc,obj-c++,m2,rust --prefix=/usr --with-gcc-major-version-only --program-suffix=-14 --program-prefix=x86_64-linux-gnu- --enable-shared --enable-linker-build-id --libexecdir=/usr/libexec --without-included-gettext --enable-threads=posix --libdir=/usr/lib --enable-nls --enable-bootstrap --enable-clocale=gnu --enable-libstdcxx-debug --enable-libstdcxx-time=yes --with-default-libstdcxx-abi=new --enable-libstdcxx-backtrace --enable-gnu-unique-object --disable-vtable-verify --enable-plugin --enable-default-pie --with-system-zlib --enable-libphobos-checking=release --with-target-system-zlib=auto --enable-objc-gc=auto --enable-multiarch --disable-werror --enable-cet --with-arch-32=i686 --with-abi=m64 --with-multilib-list=m32,m64,mx32 --enable-multilib --with-tune=generic --enable-offload-targets=nvptx-none=/build/reproducible-path/gcc-14-14.2.0/debian/tmp-nvptx/usr,amdgcn-amdhsa=/build/reproducible-path/gcc-14-14.2.0/debian/tmp-gcn/usr --enable-offload-defaulted --without-cuda-driver --enable-checking=release --build=x86_64-linux-gnu --host=x86_64-linux-gnu --target=x86_64-linux-gnu --with-build-config=bootstrap-lto-lean --enable-link-serialization=3
Thread model: posix
Supported LTO compression algorithms: zlib zstd
gcc version 14.2.0 (Debian 14.2.0-19) 
... rest of stderr output deleted ...
configure:4072: $? = 0
configure:4061: gcc -V >&5
gcc: error: unrecognized command-line option '-V'
gcc: fatal error: no input files
compilation terminated.
configure:4072: $? = 1
configure:4061: gcc -qversion >&5
gcc: error: unrecognized command-line option '-qversion'; did you mean '--version'?
gcc: fatal error: no input files
compilation terminated.
configure:4072: $? = 1
configure:4061: gcc -version >&5
gcc: error: unrecognized command-line option '-version'
gcc: fatal error: no input files
compilation terminated.
configure:4072: $? = 1
configure:4092: checking whether the C compiler works
configure:4114: gcc    conftest.c  >&5
configure:4118: $? = 0
configure:4169: result: yes
configure:4173: checking for C compiler default output file name
configure:4175: result: a.out
configure:4181: checking for suffix of executables
configure:4188: gcc -o conftest    conftest.c  >&5
configure:4192: $? = 0
configure:4216: result: 
configure:4240: checking whether we are cross compiling
configure:4248: gcc -o conftest    conftest.c  >&5
configure:4252: $? = 0
configure:4259: ./conftest
configure:4263: $? = 0
configure:4278: result: no
configure:4284: checking for suffix of object files
configure:4307: gcc -c   conftest.c >&5
configure:4311: $? = 0
configure:4335: result: o
configure:4339: checking whether the compiler supports GNU C
configure:4359: gcc -c   conftest.c >&5
configure:4359: $? = 0
configure:4371: result: yes
configure:4382: checking whether gcc accepts -g
configure:4403: gcc -c -g  conftest.c >&5
configure:4403: $? = 0
configure:4450: result: yes
configure:4470: checking for gcc option to enable C11 features
configure:4485: gcc  -c -g -O2  conftest.c >&5
configure:4485: $? = 0
configure:4504: result: none needed
configure:4628: checking whether gcc understands -c and -o together
configure:4651: gcc -c conftest.c -o conftest2.o
configure:4654: $? = 0
configure:4651: gcc -c conftest.c -o conftest2.o
configure:4654: $? = 0
configure:4667: result: yes
configure:4687: checking whether make supports the include directive
configure:4702: make -f confmf.GNU && cat confinc.out
this is the am__doit target
configure:4705: $? = 0
configure:4724: result: yes (GNU style)
configure:4750: checking dependency style of gcc
configure:4863: result: gcc3
configure:4948: checking for g++
configure:4969: found /usr/bin/g++
configure:4981: result: g++
configure:5008: checking for C++ compiler version
configure:5017: g++ --version >&5
g++ (Debian 14.2.0-19) 14.2.0
Copyright (C) 2024 Free Software Foundation, Inc.
This is free software; see the source for copying conditions.  There is NO
warranty; not even for MERCHANTABILITY or FITNESS FOR A PARTICULAR PURPOSE.

configure:5028: $? = 0
configure:5017: g++ -v >&5
Using built-in specs.
COLLECT_GCC=g++
COLLECT_LTO_WRAPPER=/usr/libexec/gcc/x86_64-linux-gnu/14/lto-wrapper
OFFLOAD_TARGET_NAMES=nvptx-none:amdgcn-amdhsa
OFFLOAD_TARGET_DEFAULT=1
Target: x86_64-linux-gnu
Configured with: ../src/configure -v --with-pkgversion='Debian 14.2.0-19' --with-bugurl=file:///usr/share/doc/gcc-14/README.Bugs --enable-languages=c,ada,c++,go,d,fortran,objc,obj-c++,m2,rust --prefix=/usr --with-gcc-major-version-only --program-suffix=-14 --program-prefix=x86_64-linux-gnu- --enable-shared --enable-linker-build-id --libexecdir=/usr/libexec --without-included-gettext --enable-threads=posix --libdir=/usr/lib --enable-nls --enable-bootstrap --enable-clocale=gnu --enable-libstdcxx-debug --enable-libstdcxx-time=yes --with-default-libstdcxx-abi=new --enable-libstdcxx-backtrace --enable-gnu-unique-object --disable-vtable-verify --enable-plugin --enable-default-pie --with-system-zlib --enable-libphobos-checking=release --with-target-system-zlib=auto --enable-objc-gc=auto --enable-multiarch --disable-werror --enable-cet --with-arch-32=i686 --with-abi=m64 --with-multilib-list=m32,m64,mx32 --enable-multilib --with-tune=generic --enable-offload-targets=nvptx-none=/build/reproducible-path/gcc-14-14.2.0/debian/tmp-nvptx/usr,amdgcn-amdhsa=/build/reproducible-path/gcc-14-14.2.0/debian/tmp-gcn/usr --enable-offload-defaulted --without-cuda-driver --enable-checking=release --build=x86_64-linux-gnu --host=x86_64-linux-gnu --target=x86_64-linux-gnu --with-build-config=bootstrap-lto-lean --enable-link-serialization=3
Thread model: posix
Supported LTO compression algorithms: zlib zstd
gcc version 14.2.0 (Debian 14.2.0-19) 
... rest of stderr output deleted ...
configure:5028: $? = 0
configure:5017: g++ -V >&5
g++: error: unrecognized command-line option '-V'
g++: fatal error: no input files
compilation terminated.
configure:5028: $? = 1
configure:5017: g++ -qversion >&5
g++: error: unrecognized command-line option '-qversion'; did you mean '--version'?
g++: fatal error: no input files
compilation terminated.
configure:5028: $? = 1
configure:5032: checking whether the compiler supports GNU C++
configure:5052: g++ -c   conftest.cpp >&5
configure:5052: $? = 0
configure:5064: result: yes
configure:5075: checking whether g++ accepts -g
configure:5096: g++ -c -g  conftest.cpp >&5
configure:5096: $? = 0
configure:5143: result: yes
configure:5163: checking for g++ option to enable C++11 features
configure:5178: g++  -c -g -O2  conftest.cpp >&5
conftest.cpp: In function 'int main(int, char**)':
conftest.cpp:177:25: warning: empty parentheses were disambiguated as a function declaration [-Wvexing-parse]
  177 |   cxx11test::delegate d2();
      |                         ^~
conftest.cpp:177:25: note: remove parentheses to default-initialize a variable
  177 |   cxx11test::delegate d2();
      |                         ^~
      |                         --
conftest.cpp:177:25: note: or replace parentheses with braces to value-initialize a variable
configure:5178: $? = 0
configure:5197: result: none needed
configure:5268: checking dependency style of g++
configure:5381: result: gcc3
configure:5453: checking for ar
configure:5474: found /usr/bin/ar
configure:5486: result: ar
configure:5513: checking the archiver (ar) interface
configure:5530: gcc -c -g -O2  conftest.c >&5
configure:5530: $? = 0
configure:5533: ar cr libconftest.a conftest.o >&5
configure:5536: $? = 0
configure:5565: result: ar
configure:5634: checking for ranlib
configure:5655: found /usr/bin/ranlib
configure:5667: result: ranlib
configure:5692: checking for glib-genmarshal
configure:5715: found /usr/bin/glib-genmarshal
configure:5728: result: /usr/bin/glib-genmarshal
configure:5773: checking for a Python interpreter with version >= 3.0
configure:5791: python -c import sys # split strings by '.' and convert to numeric. Append some zeros # because we need at least 4 digits for the hex conversion. # map returns an iterator in Python 3.0 and a list in 2.x minver = list(map(int, '3.0'.split('.'))) + [0, 0, 0] minverhex = 0 # xrange is not present in Python 3.0 and range returns an iterator for i in list(range(0, 4)): minverhex = (minverhex << 8) + minver[i] sys.exit(sys.hexversion < minverhex)
./configure: line 5792: python: command not found
configure:5794: $? = 127
configure:5791: python3 -c import sys # split strings by '.' and convert to numeric. Append some zeros # because we need at least 4 digits for the hex conversion. # map returns an iterator in Python 3.0 and a list in 2.x minver = list(map(int, '3.0'.split('.'))) + [0, 0, 0] minverhex = 0 # xrange is not present in Python 3.0 and range returns an iterator for i in list(range(0, 4)): minverhex = (minverhex << 8) + minver[i] sys.exit(sys.hexversion < minverhex)
configure:5794: $? = 0
configure:5802: result: python3
configure:5810: checking for python3
configure:5833: found /usr/bin/python3
configure:5846: result: /usr/bin/python3
configure:5863: checking for python3 version
configure:5872: result: 3.13
configure:5877: checking for python3 platform
configure:5886: result: linux
configure:5949: checking for GNU default python3 prefix
configure:5951: result: ${prefix}
configure:6019: checking for GNU default python3 exec_prefix
configure:6021: result: ${exec_prefix}
configure:6068: checking for python3 script directory (pythondir)
configure:6108: result: ${PYTHON_PREFIX}/lib/python3.13/site-packages
configure:6116: checking for python3 extension module directory (pyexecdir)
configure:6156: result: ${PYTHON_EXEC_PREFIX}/lib/python3.13/site-packages
configure:6237: checking for pkg-config
configure:6260: found /usr/bin/pkg-config
configure:6273: result: /usr/bin/pkg-config
configure:6298: checking pkg-config is at least version 0.9.0
configure:6301: result: yes
configure:6311: checking for gio-2.0 >= 2.36 glib-2.0
configure:6318: $PKG_CONFIG --exists --print-errors "gio-2.0 >= 2.36 glib-2.0"
configure:6321: $? = 0
configure:6335: $PKG_CONFIG --exists --print-errors "gio-2.0 >= 2.36 glib-2.0"
configure:6338: $? = 0
configure:6396: result: yes
configure:6403: checking for fltk-config
configure:6426: found /usr/bin/fltk-config
configure:6439: result: /usr/bin/fltk-config
configure:6461: checking for memrchr
configure:6461: gcc -o conftest -g -O2   conftest.c  >&5
configure:6461: $? = 0
configure:6461: result: yes
configure:6483: checking for openssl >= 0.9.8
configure:6490: $PKG_CONFIG --exists --print-errors "openssl >= 0.9.8"
configure:6493: $? = 0
configure:6507: $PKG_CONFIG --exists --print-errors "openssl >= 0.9.8"
configure:6510: $? = 0
configure:6568: result: yes
configure:6707: checking that generated files are newer than configure
configure:6713: result: done
configure:6756: creating ./config.status

## ---------------------- ##
## Running config.status. ##
## ---------------------- ##

This file was extended by flexchat config.status 2.16.2, which was
generated by GNU Autoconf 2.72.  Invocation command line was

  CONFIG_FILES    = 
  CONFIG_HEADERS  = 
  CONFIG_LINKS    = 
  CONFIG_COMMANDS = 
  $ ./config.status 

on akasa

config.status:888: creating Makefile
config.status:888: creating src/Makefile
config.status:888: creating src/common/Makefile
config.status:888: creating src/fe-fltk/Makefile
config.status:888: creating src/fe-text/Makefile
config.status:888: creating data/Makefile
config.status:888: creating data/icons/Makefile
config.status:888: creating data/misc/Makefile
config.status:888: creating data/man/Makefile
config.status:888: creating config.h
config.status:1069: config.h is unchanged
config.status:1117: executing depfiles commands
config.status:1194: cd src/common       && sed -e '/# am--include-marker/d' Makefile         | make -f - am--depfiles
make: Nothing to be done for 'am--depfiles'.
config.status:1199: $? = 0
config.status:1194: cd src/fe-fltk       && sed -e '/# am--include-marker/d' Makefile         | make -f - am--depfiles
make: Nothing to be done for 'am--depfiles'.
config.status:1199: $? = 0
config.status:1194: cd src/fe-text       && sed -e '/# am--include-marker/d' Makefile         | make -f - am--depfiles
make: Nothing to be done for 'am--depfiles'.
config.status:1199: $? = 0

## ---------------- ##
## Cache variables. ##
## ---------------- ##

ac_cv_c_compiler_gnu=yes
ac_cv_cxx_compiler_gnu=yes
ac_cv_env_CCC_set=
ac_cv_env_CCC_value=
ac_cv_env_CC_set=
ac_cv_env_CC_value=
ac_cv_env_CFLAGS_set=
ac_cv_env_CFLAGS_value=
ac_cv_env_CPPFLAGS_set=
ac_cv_env_CPPFLAGS_value=
ac_cv_env_CXXFLAGS_set=
ac_cv_env_CXXFLAGS_value=
ac_cv_env_CXX_set=
ac_cv_env_CXX_value=
ac_cv_env_GLIB_CFLAGS_set=
ac_cv_env_GLIB_CFLAGS_value=
ac_cv_env_GLIB_LIBS_set=
ac_cv_env_GLIB_LIBS_value=
ac_cv_env_LDFLAGS_set=
ac_cv_env_LDFLAGS_value=
ac_cv_env_LIBS_set=
ac_cv_env_LIBS_value=
ac_cv_env_OPENSSL_CFLAGS_set=
ac_cv_env_OPENSSL_CFLAGS_value=
ac_cv_env_OPENSSL_LIBS_set=
ac_cv_env_OPENSSL_LIBS_value=
ac_cv_env_PKG_CONFIG_LIBDIR_set=
ac_cv_env_PKG_CONFIG_LIBDIR_value=
ac_cv_env_PKG_CONFIG_PATH_set=
ac_cv_env_PKG_CONFIG_PATH_value=
ac_cv_env_PKG_CONFIG_set=
ac_cv_env_PKG_CONFIG_value=
ac_cv_env_PYTHON_set=
ac_cv_env_PYTHON_value=
ac_cv_env_build_alias_set=
ac_cv_env_build_alias_value=
ac_cv_env_host_alias_set=
ac_cv_env_host_alias_value=
ac_cv_env_target_alias_set=
ac_cv_env_target_alias_value=
ac_cv_func_memrchr=yes
ac_cv_objext=o
ac_cv_path_FLTK_CONFIG=/usr/bin/fltk-config
ac_cv_path_GLIB_GENMARSHAL=/usr/bin/glib-genmarshal
ac_cv_path_PYTHON=/usr/bin/python3
ac_cv_path_ac_pt_PKG_CONFIG=/usr/bin/pkg-config
ac_cv_path_install='/usr/bin/install -c'
ac_cv_path_mkdir=/usr/bin/mkdir
ac_cv_prog_AWK=gawk
ac_cv_prog_ac_ct_AR=ar
ac_cv_prog_ac_ct_CC=gcc
ac_cv_prog_ac_ct_CXX=g++
ac_cv_prog_ac_ct_RANLIB=ranlib
ac_cv_prog_cc_c11=
ac_cv_prog_cc_g=yes
ac_cv_prog_cc_stdc=
ac_cv_prog_cxx_cxx11=
ac_cv_prog_cxx_g=yes
ac_cv_prog_cxx_stdcxx=
ac_cv_prog_make_make_set=yes
am_cv_CC_dependencies_compiler_type=gcc3
am_cv_CXX_dependencies_compiler_type=gcc3
am_cv_ar_interface=ar
am_cv_filesystem_timestamp_resolution=0.01
am_cv_make_support_nested_variables=yes
am_cv_pathless_PYTHON=python3
am_cv_prog_cc_c_o=yes
am_cv_prog_tar_ustar=gnutar
am_cv_python_platform=linux
am_cv_python_pyexecdir='${PYTHON_EXEC_PREFIX}/lib/python3.13/site-packages'
am_cv_python_pythondir='${PYTHON_PREFIX}/lib/python3.13/site-packages'
am_cv_python_version=3.13
am_cv_sleep_fractional_seconds=yes
am_cv_xargs_n_works=yes
pkg_cv_GLIB_CFLAGS='-I/usr/include/glib-2.0 -I/usr/lib/x86_64-linux-gnu/glib-2.0/include -I/usr/include/sysprof-6 -I/usr/include/libmount -I/usr/include/blkid -pthread '
pkg_cv_GLIB_LIBS='-lgio-2.0 -lgobject-2.0 -lglib-2.0 '
pkg_cv_OPENSSL_CFLAGS=
pkg_cv_OPENSSL_LIBS='-lssl -lcrypto '

## ----------------- ##
## Output variables. ##
## ----------------- ##

ACLOCAL='${SHELL} '\''/home/arduino/source/flexchat-0.1/missing'\'' aclocal-1.17'
AMDEPBACKSLASH='\'
AMDEP_FALSE='#'
AMDEP_TRUE=''
AMTAR='$${TAR-tar}'
AM_BACKSLASH='\'
AM_DEFAULT_V='$(AM_DEFAULT_VERBOSITY)'
AM_DEFAULT_VERBOSITY='1'
AM_V='$(V)'
AR='ar'
AUTOCONF='${SHELL} '\''/home/arduino/source/flexchat-0.1/missing'\'' autoconf'
AUTOHEADER='${SHELL} '\''/home/arduino/source/flexchat-0.1/missing'\'' autoheader'
AUTOMAKE='${SHELL} '\''/home/arduino/source/flexchat-0.1/missing'\'' automake-1.17'
AWK='gawk'
CC='gcc'
CCDEPMODE='depmode=gcc3'
CFLAGS='-g -O2'
CPPFLAGS=''
CSCOPE='cscope'
CTAGS='ctags'
CXX='g++'
CXXDEPMODE='depmode=gcc3'
CXXFLAGS='-g -O2'
CYGPATH_W='echo'
DEFS='-DHAVE_CONFIG_H'
DEPDIR='.deps'
ECHO_C=''
ECHO_N='-n'
ECHO_T=''
ENABLE_TLS_FALSE='#'
ENABLE_TLS_TRUE=''
ETAGS='etags'
EXEC_COMMAND='flexchat %U'
EXEEXT=''
FLTK_CONFIG='/usr/bin/fltk-config'
FLTK_CXXFLAGS='-I/usr/include/cairo -I/usr/include/libpng16 -I/usr/include/freetype2 -I/usr/include/pixman-1  -I/usr/include/freetype2 -I/usr/include/libpng16  -I/usr/include/cairo -I/usr/include/libpng16 -I/usr/include/freetype2 -I/usr/include/pixman-1  '
FLTK_LIBS='-lfltk -lX11'
GLIB_CFLAGS='-I/usr/include/glib-2.0 -I/usr/lib/x86_64-linux-gnu/glib-2.0/include -I/usr/include/sysprof-6 -I/usr/include/libmount -I/usr/include/blkid -pthread '
GLIB_GENMARSHAL='/usr/bin/glib-genmarshal'
GLIB_LIBS='-lgio-2.0 -lgobject-2.0 -lglib-2.0 '
INSTALL_DATA='${INSTALL} -m 644'
INSTALL_PROGRAM='${INSTALL}'
INSTALL_SCRIPT='${INSTALL}'
INSTALL_STRIP_PROGRAM='$(install_sh) -c -s'
LDFLAGS=''
LIBOBJS=''
LIBS=''
LTLIBOBJS=''
MAKEINFO='${SHELL} '\''/home/arduino/source/flexchat-0.1/missing'\'' makeinfo'
MKDIR_P='/usr/bin/mkdir -p'
OBJEXT='o'
OPENSSL_CFLAGS=''
OPENSSL_LIBS='-lssl -lcrypto '
PACKAGE='flexchat'
PACKAGE_BUGREPORT='https://github.com/hexchat/hexchat'
PACKAGE_NAME='flexchat'
PACKAGE_STRING='flexchat 2.16.2'
PACKAGE_TARNAME='flexchat'
PACKAGE_URL=''
PACKAGE_VERSION='2.16.2'
PATH_SEPARATOR=':'
PKG_CONFIG='/usr/bin/pkg-config'
PKG_CONFIG_LIBDIR=''
PKG_CONFIG_PATH=''
PYTHON='/usr/bin/python3'
PYTHON_EXEC_PREFIX='${exec_prefix}'
PYTHON_PLATFORM='linux'
PYTHON_PREFIX='${prefix}'
PYTHON_VERSION='3.13'
RANLIB='ranlib'
SET_MAKE=''
SHELL='/bin/bash'
STRIP=''
VERSION='2.16.2'
ac_ct_AR='ar'
ac_ct_CC='gcc'
ac_ct_CXX='g++'
am__EXEEXT_FALSE=''
am__EXEEXT_TRUE='#'
am__fastdepCC_FALSE='#'
am__fastdepCC_TRUE=''
am__fastdepCXX_FALSE='#'
am__fastdepCXX_TRUE=''
am__include='include'
am__isrc=''
am__leading_dot='.'
am__nodep='_no'
am__quote=''
am__rm_f_notfound=''
am__tar='tar --format=ustar -chf - "$$tardir"'
am__untar='tar -xf -'
am__xargs_n='xargs -n'
bindir='${exec_prefix}/bin'
build_alias=''
datadir='${datarootdir}'
datarootdir='${prefix}/share'
docdir='${datarootdir}/doc/${PACKAGE_TARNAME}'
dvidir='${docdir}'
exec_prefix='${prefix}'
host_alias=''
htmldir='${docdir}'
includedir='${prefix}/include'
infodir='${datarootdir}/info'
install_sh='${SHELL} /home/arduino/source/flexchat-0.1/install-sh'
libdir='${exec_prefix}/lib'
libexecdir='${exec_prefix}/libexec'
localedir='${datarootdir}/locale'
localstatedir='${prefix}/var'
mandir='${datarootdir}/man'
mkdir_p='$(MKDIR_P)'
oldincludedir='/usr/include'
pdfdir='${docdir}'
pkgpyexecdir='${pyexecdir}/flexchat'
pkgpythondir='${pythondir}/flexchat'
prefix='/usr/local'
program_transform_name='s,x,x,'
psdir='${docdir}'
pyexecdir='${PYTHON_EXEC_PREFIX}/lib/python3.13/site-packages'
pythondir='${PYTHON_PREFIX}/lib/python3.13/site-packages'
runstatedir='${localstatedir}/run'
sbindir='${exec_prefix}/sbin'
sharedstatedir='${prefix}/com'
sysconfdir='${prefix}/etc'
target_alias=''

## ----------- ##
## confdefs.h. ##
## ----------- ##

/* confdefs.h */
#define PACKAGE_NAME "flexchat"
#define PACKAGE_TARNAME "flexchat"
#define PACKAGE_VERSION "2.16.2"
#define PACKAGE_STRING "flexchat 2.16.2"
#define PACKAGE_BUGREPORT "https://github.com/hexchat/hexchat"
#define PACKAGE_URL ""
#define PACKAGE "flexchat"
#define VERSION "2.16.2"
#define GETTEXT_PACKAGE "flexchat"
#define HAVE_MEMRCHR 1
#define HAVE_TLS 1
#define OPENSSL_API_COMPAT 0x10000000L
#define HAVE_X509_GET_SIGNATURE_NID 1
#define HAVE_SSL_CTX_GET_SSL_METHOD 1

configure: exit 0
